\BOOKMARK [1][-]{section.1}{Introduction}{}% 1
\BOOKMARK [1][-]{section.2}{Background}{}% 2
\BOOKMARK [2][-]{subsection.2.1}{Kernels and RKHS notation}{section.2}% 3
\BOOKMARK [2][-]{subsection.2.2}{Hypothesis testing using the mean embedding}{section.2}% 4
\BOOKMARK [2][-]{subsection.2.3}{Lancaster interaction test}{section.2}% 5
\BOOKMARK [2][-]{subsection.2.4}{Time series}{section.2}% 6
\BOOKMARK [2][-]{subsection.2.5}{V-statistics}{section.2}% 7
\BOOKMARK [2][-]{subsection.2.6}{Wild Bootstrap}{section.2}% 8
\BOOKMARK [2][-]{subsection.2.7}{Hilbert spaced random variable CLT}{section.2}% 9
\BOOKMARK [1][-]{section.3}{Lancaster Interaction for Random Processes}{}% 10
\BOOKMARK [1][-]{section.4}{Experiments}{}% 11
\BOOKMARK [2][-]{subsection.4.1}{Weak pairwise interaction, strong joint interaction}{section.4}% 12
\BOOKMARK [2][-]{subsection.4.2}{False positive rates}{section.4}% 13
\BOOKMARK [2][-]{subsection.4.3}{Strong pairwise interaction}{section.4}% 14
\BOOKMARK [2][-]{subsection.4.4}{FOREX Data}{section.4}% 15
\BOOKMARK [1][-]{section.5}{Discussion}{}% 16
\BOOKMARK [2][-]{subsection.5.1}{Directions for future research}{section.5}% 17
\BOOKMARK [1][-]{section.6}{Proofs}{}% 18
\BOOKMARK [1][-]{appendix.A}{Supplementary material}{}% 19
\BOOKMARK [2][-]{subsection.A.1}{Proof of Lemma 1}{appendix.A}% 20
\BOOKMARK [2][-]{subsection.A.2}{Proof that HSIC can be Wild Bootstrapped}{appendix.A}% 21
